0 info it worked if it ends with ok
1 verbose cli [ 'node', '/usr/local/bin/npm', 'install' ]
2 info using npm@1.4.28
3 info using node@v0.10.33
4 verbose readDependencies using package.json deps
5 verbose install where, deps [ '/Users/swanmo/Documents/javascript/visual-schema',
5 verbose install   [ 'jquery',
5 verbose install     'requirejs',
5 verbose install     'grunt',
5 verbose install     'grunt-bower-task',
5 verbose install     'grunt-contrib-clean',
5 verbose install     'grunt-contrib-concat',
5 verbose install     'grunt-contrib-copy',
5 verbose install     'grunt-contrib-cssmin',
5 verbose install     'grunt-contrib-jshint',
5 verbose install     'grunt-contrib-less',
5 verbose install     'grunt-contrib-requirejs',
5 verbose install     'grunt-contrib-uglify',
5 verbose install     'grunt-contrib-watch',
5 verbose install     'grunt-env',
5 verbose install     'grunt-exec',
5 verbose install     'grunt-karma',
5 verbose install     'grunt-processhtml',
5 verbose install     'jit-grunt',
5 verbose install     'karma',
5 verbose install     'karma-chrome-launcher',
5 verbose install     'karma-coverage',
5 verbose install     'karma-firefox-launcher',
5 verbose install     'karma-fixture',
5 verbose install     'karma-html2js-preprocessor',
5 verbose install     'karma-jasmine',
5 verbose install     'karma-junit-reporter',
5 verbose install     'karma-ng-html2js-preprocessor',
5 verbose install     'karma-ng-json2js-preprocessor',
5 verbose install     'karma-phantomjs-launcher',
5 verbose install     'karma-requirejs',
5 verbose install     'karma-safari-launcher',
5 verbose install     'karma-spec-reporter',
5 verbose install     'jasmine-core',
5 verbose install     'express',
5 verbose install     'page',
5 verbose install     'materialize-css' ] ]
6 info preinstall xml-visual@0.0.4
7 warn package.json karma-coverage@0.2.7 No README data
8 warn package.json karma-chrome-launcher@0.1.7 No README data
9 warn package.json karma-phantomjs-launcher@0.1.4 No README data
10 verbose readDependencies using package.json deps
11 verbose already installed skipping grunt-contrib-uglify@^0.5.1 /Users/swanmo/Documents/javascript/visual-schema
12 verbose already installed skipping grunt-contrib-watch@^0.6.1 /Users/swanmo/Documents/javascript/visual-schema
13 verbose already installed skipping grunt-env@^0.4.1 /Users/swanmo/Documents/javascript/visual-schema
14 verbose already installed skipping grunt-exec@^0.4.6 /Users/swanmo/Documents/javascript/visual-schema
15 verbose already installed skipping grunt-karma@^0.10.1 /Users/swanmo/Documents/javascript/visual-schema
16 verbose already installed skipping grunt-processhtml@~0.3.3 /Users/swanmo/Documents/javascript/visual-schema
17 verbose already installed skipping jit-grunt@^0.9.0 /Users/swanmo/Documents/javascript/visual-schema
18 verbose already installed skipping karma@^0.12.25 /Users/swanmo/Documents/javascript/visual-schema
19 verbose already installed skipping karma-chrome-launcher@^0.1.5 /Users/swanmo/Documents/javascript/visual-schema
20 verbose already installed skipping karma-coverage@^0.2.4 /Users/swanmo/Documents/javascript/visual-schema
21 verbose already installed skipping karma-firefox-launcher@^0.1.3 /Users/swanmo/Documents/javascript/visual-schema
22 verbose already installed skipping karma-fixture@^0.2.1-1 /Users/swanmo/Documents/javascript/visual-schema
23 verbose already installed skipping karma-html2js-preprocessor@^0.1.0 /Users/swanmo/Documents/javascript/visual-schema
24 verbose already installed skipping karma-jasmine@^0.2.3 /Users/swanmo/Documents/javascript/visual-schema
25 verbose already installed skipping karma-junit-reporter@^0.2.2 /Users/swanmo/Documents/javascript/visual-schema
26 verbose already installed skipping karma-ng-html2js-preprocessor@^0.1.0 /Users/swanmo/Documents/javascript/visual-schema
27 verbose already installed skipping karma-ng-json2js-preprocessor@^0.2.1 /Users/swanmo/Documents/javascript/visual-schema
28 verbose already installed skipping karma-phantomjs-launcher@^0.1.4 /Users/swanmo/Documents/javascript/visual-schema
29 verbose already installed skipping karma-requirejs@^0.2.2 /Users/swanmo/Documents/javascript/visual-schema
30 verbose already installed skipping karma-safari-launcher@^0.1.1 /Users/swanmo/Documents/javascript/visual-schema
31 verbose already installed skipping karma-spec-reporter@0.0.13 /Users/swanmo/Documents/javascript/visual-schema
32 verbose already installed skipping jasmine-core@2.2.0 /Users/swanmo/Documents/javascript/visual-schema
33 verbose already installed skipping express@^4.11.2 /Users/swanmo/Documents/javascript/visual-schema
34 verbose already installed skipping page@^1.6.3 /Users/swanmo/Documents/javascript/visual-schema
35 verbose cache add [ 'materialize-css@0.97.0', null ]
36 verbose cache add name=undefined spec="materialize-css@0.97.0" args=["materialize-css@0.97.0",null]
37 verbose parsed url { protocol: null,
37 verbose parsed url   slashes: null,
37 verbose parsed url   auth: null,
37 verbose parsed url   host: null,
37 verbose parsed url   port: null,
37 verbose parsed url   hostname: null,
37 verbose parsed url   hash: null,
37 verbose parsed url   search: null,
37 verbose parsed url   query: null,
37 verbose parsed url   pathname: 'materialize-css@0.97.0',
37 verbose parsed url   path: 'materialize-css@0.97.0',
37 verbose parsed url   href: 'materialize-css@0.97.0' }
38 verbose already installed skipping jquery@^2.1.3 /Users/swanmo/Documents/javascript/visual-schema
39 verbose cache add name="materialize-css" spec="0.97.0" args=["materialize-css","0.97.0"]
40 verbose parsed url { protocol: null,
40 verbose parsed url   slashes: null,
40 verbose parsed url   auth: null,
40 verbose parsed url   host: null,
40 verbose parsed url   port: null,
40 verbose parsed url   hostname: null,
40 verbose parsed url   hash: null,
40 verbose parsed url   search: null,
40 verbose parsed url   query: null,
40 verbose parsed url   pathname: '0.97.0',
40 verbose parsed url   path: '0.97.0',
40 verbose parsed url   href: '0.97.0' }
41 verbose addNamed [ 'materialize-css', '0.97.0' ]
42 verbose addNamed [ '0.97.0', '0.97.0' ]
43 verbose already installed skipping requirejs@^2.1.15 /Users/swanmo/Documents/javascript/visual-schema
44 silly lockFile 4c85d9e2-materialize-css-0-97-0 materialize-css@0.97.0
45 verbose lock materialize-css@0.97.0 /Users/swanmo/.npm/4c85d9e2-materialize-css-0-97-0.lock
46 verbose already installed skipping grunt@~0.4.5 /Users/swanmo/Documents/javascript/visual-schema
47 verbose already installed skipping grunt-bower-task@^0.4.0 /Users/swanmo/Documents/javascript/visual-schema
48 verbose request where is /materialize-css
49 verbose request registry https://registry.npmjs.org/
50 verbose request id 137140b5c43cece8
51 verbose url raw /materialize-css
52 verbose url resolving [ 'https://registry.npmjs.org/', './materialize-css' ]
53 verbose url resolved https://registry.npmjs.org/materialize-css
54 verbose request where is https://registry.npmjs.org/materialize-css
55 info trying registry request attempt 1 at 08:11:37
56 verbose etag "E1L5VMZL60BA26FXQKWTSX4O7"
57 http GET https://registry.npmjs.org/materialize-css
58 verbose already installed skipping grunt-contrib-clean@^0.6.0 /Users/swanmo/Documents/javascript/visual-schema
59 verbose already installed skipping grunt-contrib-concat@^0.5.0 /Users/swanmo/Documents/javascript/visual-schema
60 verbose already installed skipping grunt-contrib-copy@^0.5.0 /Users/swanmo/Documents/javascript/visual-schema
61 verbose already installed skipping grunt-contrib-cssmin@^0.10.0 /Users/swanmo/Documents/javascript/visual-schema
62 verbose already installed skipping grunt-contrib-jshint@^0.10.0 /Users/swanmo/Documents/javascript/visual-schema
63 verbose already installed skipping grunt-contrib-less@^1.0.0 /Users/swanmo/Documents/javascript/visual-schema
64 verbose already installed skipping grunt-contrib-requirejs@~0.4.4 /Users/swanmo/Documents/javascript/visual-schema
65 http 200 https://registry.npmjs.org/materialize-css
66 silly registry.get cb [ 200,
66 silly registry.get   { server: 'CouchDB/1.5.0 (Erlang OTP/R16B03)',
66 silly registry.get     etag: '"16EE5BNJ189L0UTK524Z5YOSN"',
66 silly registry.get     'content-type': 'application/json',
66 silly registry.get     'cache-control': 'max-age=60',
66 silly registry.get     'content-length': '6106',
66 silly registry.get     'accept-ranges': 'bytes',
66 silly registry.get     date: 'Mon, 22 Jun 2015 06:11:38 GMT',
66 silly registry.get     via: '1.1 varnish',
66 silly registry.get     age: '0',
66 silly registry.get     connection: 'keep-alive',
66 silly registry.get     'x-served-by': 'cache-fra1246-FRA',
66 silly registry.get     'x-cache': 'MISS',
66 silly registry.get     'x-cache-hits': '0',
66 silly registry.get     'x-timer': 'S1434953498.124856,VS0,VE431',
66 silly registry.get     vary: 'Accept' } ]
67 silly lockFile 4c85d9e2-materialize-css-0-97-0 materialize-css@0.97.0
68 silly lockFile 4c85d9e2-materialize-css-0-97-0 materialize-css@0.97.0
69 error Error: version not found: materialize-css@0.97.0
69 error     at /usr/local/lib/node_modules/npm/lib/cache/add-named.js:125:12
69 error     at saved (/usr/local/lib/node_modules/npm/node_modules/npm-registry-client/lib/get.js:167:7)
69 error     at Object.oncomplete (fs.js:107:15)
70 error If you need help, you may report this *entire* log,
70 error including the npm and node versions, at:
70 error     <http://github.com/npm/npm/issues>
71 error System Darwin 14.3.0
72 error command "node" "/usr/local/bin/npm" "install"
73 error cwd /Users/swanmo/Documents/javascript/visual-schema
74 error node -v v0.10.33
75 error npm -v 1.4.28
76 verbose exit [ 1, true ]
